<?xml version="1.0" encoding="UTF-8"?>
<testsuite xmlns:xsi="http://www.w3.org/2001/XMLSchema-instance" xsi:noNamespaceSchemaLocation="https://maven.apache.org/surefire/maven-surefire-plugin/xsd/surefire-test-report.xsd" name="com.mycompany.calculobases.CalculadoraTest" time="0.055" tests="11" errors="0" skipped="0" failures="6">
  <properties>
    <property name="java.specification.version" value="20"/>
    <property name="sun.cpu.isalist" value="amd64"/>
    <property name="sun.jnu.encoding" value="Cp1252"/>
    <property name="java.class.path" value="C:\Users\pcRender\Desktop\usuarios archivos disco ssd\PC..NVIDIA\Desktop\calculoBases\target\test-classes;C:\Users\pcRender\Desktop\usuarios archivos disco ssd\PC..NVIDIA\Desktop\calculoBases\target\classes;C:\Users\pcRender\.m2\repository\org\junit\jupiter\junit-jupiter\5.9.1\junit-jupiter-5.9.1.jar;C:\Users\pcRender\.m2\repository\org\junit\jupiter\junit-jupiter-api\5.9.1\junit-jupiter-api-5.9.1.jar;C:\Users\pcRender\.m2\repository\org\opentest4j\opentest4j\1.2.0\opentest4j-1.2.0.jar;C:\Users\pcRender\.m2\repository\org\junit\platform\junit-platform-commons\1.9.1\junit-platform-commons-1.9.1.jar;C:\Users\pcRender\.m2\repository\org\apiguardian\apiguardian-api\1.1.2\apiguardian-api-1.1.2.jar;C:\Users\pcRender\.m2\repository\org\junit\jupiter\junit-jupiter-params\5.9.1\junit-jupiter-params-5.9.1.jar;C:\Users\pcRender\.m2\repository\org\junit\jupiter\junit-jupiter-engine\5.9.1\junit-jupiter-engine-5.9.1.jar;C:\Users\pcRender\.m2\repository\org\junit\platform\junit-platform-engine\1.9.1\junit-platform-engine-1.9.1.jar;"/>
    <property name="java.vm.vendor" value="Oracle Corporation"/>
    <property name="sun.arch.data.model" value="64"/>
    <property name="user.variant" value=""/>
    <property name="java.vendor.url" value="https://java.oracle.com/"/>
    <property name="user.timezone" value="America/Bogota"/>
    <property name="os.name" value="Windows 10"/>
    <property name="java.vm.specification.version" value="20"/>
    <property name="user.country" value="419"/>
    <property name="sun.java.launcher" value="SUN_STANDARD"/>
    <property name="sun.boot.library.path" value="C:\Program Files\Java\jdk-20\bin"/>
    <property name="sun.java.command" value="C:\Users\pcRender\AppData\Local\Temp\surefire9670128691525339967\surefirebooter3615081948329288525.jar C:\Users\pcRender\AppData\Local\Temp\surefire9670128691525339967 2023-11-11T11-22-03_888-jvmRun1 surefire16806084511910226442tmp surefire_015793294706765839280tmp"/>
    <property name="jdk.debug" value="release"/>
    <property name="test" value="com.mycompany.calculobases.CalculadoraTest"/>
    <property name="surefire.test.class.path" value="C:\Users\pcRender\Desktop\usuarios archivos disco ssd\PC..NVIDIA\Desktop\calculoBases\target\test-classes;C:\Users\pcRender\Desktop\usuarios archivos disco ssd\PC..NVIDIA\Desktop\calculoBases\target\classes;C:\Users\pcRender\.m2\repository\org\junit\jupiter\junit-jupiter\5.9.1\junit-jupiter-5.9.1.jar;C:\Users\pcRender\.m2\repository\org\junit\jupiter\junit-jupiter-api\5.9.1\junit-jupiter-api-5.9.1.jar;C:\Users\pcRender\.m2\repository\org\opentest4j\opentest4j\1.2.0\opentest4j-1.2.0.jar;C:\Users\pcRender\.m2\repository\org\junit\platform\junit-platform-commons\1.9.1\junit-platform-commons-1.9.1.jar;C:\Users\pcRender\.m2\repository\org\apiguardian\apiguardian-api\1.1.2\apiguardian-api-1.1.2.jar;C:\Users\pcRender\.m2\repository\org\junit\jupiter\junit-jupiter-params\5.9.1\junit-jupiter-params-5.9.1.jar;C:\Users\pcRender\.m2\repository\org\junit\jupiter\junit-jupiter-engine\5.9.1\junit-jupiter-engine-5.9.1.jar;C:\Users\pcRender\.m2\repository\org\junit\platform\junit-platform-engine\1.9.1\junit-platform-engine-1.9.1.jar;"/>
    <property name="sun.cpu.endian" value="little"/>
    <property name="user.home" value="C:\Users\pcRender"/>
    <property name="user.language" value="es"/>
    <property name="java.specification.vendor" value="Oracle Corporation"/>
    <property name="java.version.date" value="2023-07-18"/>
    <property name="java.home" value="C:\Program Files\Java\jdk-20"/>
    <property name="file.separator" value="\"/>
    <property name="basedir" value="C:\Users\pcRender\Desktop\usuarios archivos disco ssd\PC..NVIDIA\Desktop\calculoBases"/>
    <property name="java.vm.compressedOopsMode" value="Zero based"/>
    <property name="line.separator" value="&#10;"/>
    <property name="java.vm.specification.vendor" value="Oracle Corporation"/>
    <property name="java.specification.name" value="Java Platform API Specification"/>
    <property name="surefire.real.class.path" value="C:\Users\pcRender\AppData\Local\Temp\surefire9670128691525339967\surefirebooter3615081948329288525.jar"/>
    <property name="user.script" value=""/>
    <property name="sun.management.compiler" value="HotSpot 64-Bit Tiered Compilers"/>
    <property name="java.runtime.version" value="20.0.2+9-78"/>
    <property name="user.name" value="pcRender"/>
    <property name="stdout.encoding" value="Cp1252"/>
    <property name="path.separator" value=";"/>
    <property name="os.version" value="10.0"/>
    <property name="java.runtime.name" value="Java(TM) SE Runtime Environment"/>
    <property name="file.encoding" value="UTF-8"/>
    <property name="java.vm.name" value="Java HotSpot(TM) 64-Bit Server VM"/>
    <property name="maven.ext.class.path" value="C:\Program Files\NetBeans-19\netbeans\java\maven-nblib\netbeans-eventspy.jar"/>
    <property name="localRepository" value="C:\Users\pcRender\.m2\repository"/>
    <property name="java.vendor.url.bug" value="https://bugreport.java.com/bugreport/"/>
    <property name="java.io.tmpdir" value="C:\Users\pcRender\AppData\Local\Temp\"/>
    <property name="java.version" value="20.0.2"/>
    <property name="user.dir" value="C:\Users\pcRender\Desktop\usuarios archivos disco ssd\PC..NVIDIA\Desktop\calculoBases"/>
    <property name="os.arch" value="amd64"/>
    <property name="java.vm.specification.name" value="Java Virtual Machine Specification"/>
    <property name="sun.os.patch.level" value=""/>
    <property name="native.encoding" value="Cp1252"/>
    <property name="java.library.path" value="C:\Program Files\Java\jdk-20\bin;C:\Windows\Sun\Java\bin;C:\Windows\system32;C:\Windows;C:\Program Files\MySQL\MySQL Server 8.1\bin;C:\Program Files\Common Files\Oracle\Java\javapath;C:\Windows\system32;C:\Windows;C:\Windows\System32\Wbem;C:\Windows\System32\WindowsPowerShell\v1.0\;C:\Windows\System32\OpenSSH\;C:\Program Files\NVIDIA Corporation\NVIDIA NvDLISR;C:\Program Files (x86)\NVIDIA Corporation\PhysX\Common;C:\Program Files\Common Files\Autodesk Shared\;C:\Program Files\Microsoft SQL Server\150\Tools\Binn\;C:\Program Files\dotnet\;C:\Program Files\Java\jdk-20\bin;C:\Users\pcRender\AppData\Local\Microsoft\WindowsApps;;."/>
    <property name="java.vm.info" value="mixed mode, sharing"/>
    <property name="stderr.encoding" value="Cp1252"/>
    <property name="java.vendor" value="Oracle Corporation"/>
    <property name="java.vm.version" value="20.0.2+9-78"/>
    <property name="sun.io.unicode.encoding" value="UnicodeLittle"/>
    <property name="java.class.version" value="64.0"/>
  </properties>
  <testcase name="testBaseHexadecimal" classname="com.mycompany.calculobases.CalculadoraTest" time="0.023">
    <failure message="expected: &lt;false&gt; but was: &lt;true&gt;" type="org.opentest4j.AssertionFailedError"><![CDATA[org.opentest4j.AssertionFailedError: expected: <false> but was: <true>
	at com.mycompany.calculobases.CalculadoraTest.testBaseHexadecimal(CalculadoraTest.java:100)
]]></failure>
    <system-out><![CDATA[BaseHexadecimal
]]></system-out>
  </testcase>
  <testcase name="testBaseOctal" classname="com.mycompany.calculobases.CalculadoraTest" time="0">
    <failure message="expected: &lt;false&gt; but was: &lt;true&gt;" type="org.opentest4j.AssertionFailedError"><![CDATA[org.opentest4j.AssertionFailedError: expected: <false> but was: <true>
	at com.mycompany.calculobases.CalculadoraTest.testBaseOctal(CalculadoraTest.java:86)
]]></failure>
    <system-out><![CDATA[BaseOctal
]]></system-out>
  </testcase>
  <testcase name="testBaseDecimal" classname="com.mycompany.calculobases.CalculadoraTest" time="0">
    <failure message="expected: &lt;false&gt; but was: &lt;true&gt;" type="org.opentest4j.AssertionFailedError"><![CDATA[org.opentest4j.AssertionFailedError: expected: <false> but was: <true>
	at com.mycompany.calculobases.CalculadoraTest.testBaseDecimal(CalculadoraTest.java:60)
]]></failure>
    <system-out><![CDATA[BaseDecimal
]]></system-out>
  </testcase>
  <testcase name="testDecimalXbinario" classname="com.mycompany.calculobases.CalculadoraTest" time="0.006">
    <failure message="expected: &lt;&gt; but was: &lt;1001&gt;" type="org.opentest4j.AssertionFailedError"><![CDATA[org.opentest4j.AssertionFailedError: expected: <> but was: <1001>
	at com.mycompany.calculobases.CalculadoraTest.testDecimalXbinario(CalculadoraTest.java:114)
]]></failure>
    <system-out><![CDATA[decimalXbinario
]]></system-out>
  </testcase>
  <testcase name="testDecimalXHexadecimal" classname="com.mycompany.calculobases.CalculadoraTest" time="0.001"/>
  <testcase name="testDeBaseXABaseY" classname="com.mycompany.calculobases.CalculadoraTest" time="0.001">
    <failure message="expected: &lt;&gt; but was: &lt;null&gt;" type="org.opentest4j.AssertionFailedError"><![CDATA[org.opentest4j.AssertionFailedError: expected: <> but was: <null>
	at com.mycompany.calculobases.CalculadoraTest.testDeBaseXABaseY(CalculadoraTest.java:47)
]]></failure>
    <system-out><![CDATA[DeBaseXABaseY
]]></system-out>
  </testcase>
  <testcase name="testDecimalXoctal" classname="com.mycompany.calculobases.CalculadoraTest" time="0.001"/>
  <testcase name="testHexadecimalXdecimal" classname="com.mycompany.calculobases.CalculadoraTest" time="0.001"/>
  <testcase name="testBinarioXdecimal" classname="com.mycompany.calculobases.CalculadoraTest" time="0.001"/>
  <testcase name="testBaseBinario" classname="com.mycompany.calculobases.CalculadoraTest" time="0.001">
    <failure message="expected: &lt;false&gt; but was: &lt;true&gt;" type="org.opentest4j.AssertionFailedError"><![CDATA[org.opentest4j.AssertionFailedError: expected: <false> but was: <true>
	at com.mycompany.calculobases.CalculadoraTest.testBaseBinario(CalculadoraTest.java:73)
]]></failure>
    <system-out><![CDATA[BaseBinario
]]></system-out>
  </testcase>
  <testcase name="testOctalXdecimal" classname="com.mycompany.calculobases.CalculadoraTest" time="0.001"/>
</testsuite>